<?xml version="1.0" encoding="UTF-8"?>
<testsuite xmlns:xsi="http://www.w3.org/2001/XMLSchema-instance" xsi:noNamespaceSchemaLocation="https://maven.apache.org/surefire/maven-surefire-plugin/xsd/surefire-test-report.xsd" version="3.0.2" name="com.dmsacad.springboot2.StoreApplicationTests" time="8.401" tests="1" errors="0" skipped="0" failures="0">
  <properties>
[...]
</properties>
  <testcase name="contextLoads" classname="com.dmsacad.springboot2.StoreApplicationTests" time="0.417">
    <system-out><![CDATA[
  .   ____          _            __ _ _
 /\\ / ___'_ __ _ _(_)_ __  __ _ \ \ \ \
( ( )\___ | '_ | '_| | '_ \/ _` | \ \ \ \
 \\/  ___)| |_)| | | | | || (_| |  ) ) ) )
  '  |____| .__|_| |_|_| |_\__, | / / / /
 =========|_|==============|___/=/_/_/_/

&amp#27;[32m :: Spring Boot :: &amp#27;[39m              &amp#27;[2m (v4.0.3)&amp#27;[0;39m

&amp#27;[2m2026-07-04T20:25:22.836-04:00&amp#27;[0;39m &amp#27;[32m INFO&amp#27;[0;39m &amp#27;[35m12880&amp#27;[0;39m &amp#27;[2m--- [STORE_APPLICATION] [           main] &amp#27;[0;39m&amp#27;[36mc.d.springboot2.StoreApplicationTests   &amp#27;[0;39m &amp#27;[2m:&amp#27;[0;39m Starting StoreApplicationTests using Java 25.0.2 with PID 12880 (started by Windows in C:\SPRING_PROJECTS\MOSH COURSE - CODE\SRING API DEV\CHP9 - DEPLOYMENT\chp9_)
&amp#27;[2m2026-07-04T20:25:22.842-04:00&amp#27;[0;39m &amp#27;[32m INFO&amp#27;[0;39m &amp#27;[35m12880&amp#27;[0;39m &amp#27;[2m--- [STORE_APPLICATION] [           main] &amp#27;[0;39m&amp#27;[36mc.d.springboot2.StoreApplicationTests   &amp#27;[0;39m &amp#27;[2m:&amp#27;[0;39m The following 1 profile is active: "dev"
&amp#27;[2m2026-07-04T20:25:24.202-04:00&amp#27;[0;39m &amp#27;[32m INFO&amp#27;[0;39m &amp#27;[35m12880&amp#27;[0;39m &amp#27;[2m--- [STORE_APPLICATION] [           main] &amp#27;[0;39m&amp#27;[36m.s.d.r.c.RepositoryConfigurationDelegate&amp#27;[0;39m &amp#27;[2m:&amp#27;[0;39m Bootstrapping Spring Data JPA repositories in DEFAULT mode.
&amp#27;[2m2026-07-04T20:25:24.322-04:00&amp#27;[0;39m &amp#27;[32m INFO&amp#27;[0;39m &amp#27;[35m12880&amp#27;[0;39m &amp#27;[2m--- [STORE_APPLICATION] [           main] &amp#27;[0;39m&amp#27;[36m.s.d.r.c.RepositoryConfigurationDelegate&amp#27;[0;39m &amp#27;[2m:&amp#27;[0;39m Finished Spring Data repository scanning in 107 ms. Found 7 JPA repository interfaces.
&amp#27;[2m2026-07-04T20:25:24.920-04:00&amp#27;[0;39m &amp#27;[32m INFO&amp#27;[0;39m &amp#27;[35m12880&amp#27;[0;39m &amp#27;[2m--- [STORE_APPLICATION] [           main] &amp#27;[0;39m&amp#27;[36morg.hibernate.orm.jpa                   &amp#27;[0;39m &amp#27;[2m:&amp#27;[0;39m HHH008540: Processing PersistenceUnitInfo [name: default]
&amp#27;[2m2026-07-04T20:25:24.978-04:00&amp#27;[0;39m &amp#27;[32m INFO&amp#27;[0;39m &amp#27;[35m12880&amp#27;[0;39m &amp#27;[2m--- [STORE_APPLICATION] [           main] &amp#27;[0;39m&amp#27;[36morg.hibernate.orm.core                  &amp#27;[0;39m &amp#27;[2m:&amp#27;[0;39m HHH000001: Hibernate ORM core version 7.2.4.Final
&amp#27;[2m2026-07-04T20:25:25.526-04:00&amp#27;[0;39m &amp#27;[32m INFO&amp#27;[0;39m &amp#27;[35m12880&amp#27;[0;39m &amp#27;[2m--- [STORE_APPLICATION] [           main] &amp#27;[0;39m&amp#27;[36mo.s.o.j.p.SpringPersistenceUnitInfo     &amp#27;[0;39m &amp#27;[2m:&amp#27;[0;39m No LoadTimeWeaver setup: ignoring JPA class transformer
&amp#27;[2m2026-07-04T20:25:25.558-04:00&amp#27;[0;39m &amp#27;[32m INFO&amp#27;[0;39m &amp#27;[35m12880&amp#27;[0;39m &amp#27;[2m--- [STORE_APPLICATION] [           main] &amp#27;[0;39m&amp#27;[36mcom.zaxxer.hikari.HikariDataSource      &amp#27;[0;39m &amp#27;[2m:&amp#27;[0;39m HikariPool-1 - Starting...
&amp#27;[2m2026-07-04T20:25:25.727-04:00&amp#27;[0;39m &amp#27;[32m INFO&amp#27;[0;39m &amp#27;[35m12880&amp#27;[0;39m &amp#27;[2m--- [STORE_APPLICATION] [           main] &amp#27;[0;39m&amp#27;[36mcom.zaxxer.hikari.pool.HikariPool       &amp#27;[0;39m &amp#27;[2m:&amp#27;[0;39m HikariPool-1 - Added connection com.mysql.cj.jdbc.ConnectionImpl@7ee9920a
&amp#27;[2m2026-07-04T20:25:25.729-04:00&amp#27;[0;39m &amp#27;[32m INFO&amp#27;[0;39m &amp#27;[35m12880&amp#27;[0;39m &amp#27;[2m--- [STORE_APPLICATION] [           main] &amp#27;[0;39m&amp#27;[36mcom.zaxxer.hikari.HikariDataSource      &amp#27;[0;39m &amp#27;[2m:&amp#27;[0;39m HikariPool-1 - Start completed.
&amp#27;[2m2026-07-04T20:25:25.783-04:00&amp#27;[0;39m &amp#27;[33m WARN&amp#27;[0;39m &amp#27;[35m12880&amp#27;[0;39m &amp#27;[2m--- [STORE_APPLICATION] [           main] &amp#27;[0;39m&amp#27;[36morg.hibernate.orm.core                  &amp#27;[0;39m &amp#27;[2m:&amp#27;[0;39m HHH000511: The 5.5.5 version for [org.hibernate.dialect.MySQLDialect] is no longer supported, hence certain features may not work properly.The minimum supported version is 8.0.0. Check the community dialects project for available legacy versions.
&amp#27;[2m2026-07-04T20:25:25.803-04:00&amp#27;[0;39m &amp#27;[32m INFO&amp#27;[0;39m &amp#27;[35m12880&amp#27;[0;39m &amp#27;[2m--- [STORE_APPLICATION] [           main] &amp#27;[0;39m&amp#27;[36morg.hibernate.orm.connections.pooling   &amp#27;[0;39m &amp#27;[2m:&amp#27;[0;39m HHH10001005: Database info:
	Database JDBC URL [jdbc:mysql://localhost:3306/store?createDatabaseIfNotExist=true&useSSL=false&serverTimezone=UTC]
	Database driver: MySQL Connector/J
	Database dialect: MySQLDialect
	Database version: 5.5.5
	Default catalog/schema: store/undefined
	Autocommit mode: undefined/unknown
	Isolation level: REPEATABLE_READ [default REPEATABLE_READ]
	JDBC fetch size: none
	Pool: DataSourceConnectionProvider
	Minimum pool size: undefined/unknown
	Maximum pool size: undefined/unknown
&amp#27;[2m2026-07-04T20:25:27.011-04:00&amp#27;[0;39m &amp#27;[32m INFO&amp#27;[0;39m &amp#27;[35m12880&amp#27;[0;39m &amp#27;[2m--- [STORE_APPLICATION] [           main] &amp#27;[0;39m&amp#27;[36morg.hibernate.orm.core                  &amp#27;[0;39m &amp#27;[2m:&amp#27;[0;39m HHH000489: No JTA platform available (set 'hibernate.transaction.jta.platform' to enable JTA platform integration)
&amp#27;[2m2026-07-04T20:25:27.149-04:00&amp#27;[0;39m &amp#27;[32m INFO&amp#27;[0;39m &amp#27;[35m12880&amp#27;[0;39m &amp#27;[2m--- [STORE_APPLICATION] [           main] &amp#27;[0;39m&amp#27;[36mj.LocalContainerEntityManagerFactoryBean&amp#27;[0;39m &amp#27;[2m:&amp#27;[0;39m Initialized JPA EntityManagerFactory for persistence unit 'default'
&amp#27;[2m2026-07-04T20:25:27.260-04:00&amp#27;[0;39m &amp#27;[32m INFO&amp#27;[0;39m &amp#27;[35m12880&amp#27;[0;39m &amp#27;[2m--- [STORE_APPLICATION] [           main] &amp#27;[0;39m&amp#27;[36mo.s.d.j.r.query.QueryEnhancerFactories  &amp#27;[0;39m &amp#27;[2m:&amp#27;[0;39m Hibernate is in classpath; If applicable, HQL parser will be used.
&amp#27;[2m2026-07-04T20:25:28.043-04:00&amp#27;[0;39m &amp#27;[32m INFO&amp#27;[0;39m &amp#27;[35m12880&amp#27;[0;39m &amp#27;[2m--- [STORE_APPLICATION] [           main] &amp#27;[0;39m&amp#27;[36meAuthenticationProviderManagerConfigurer&amp#27;[0;39m &amp#27;[2m:&amp#27;[0;39m Global AuthenticationManager configured with AuthenticationProvider bean with name authenticationProvider
&amp#27;[2m2026-07-04T20:25:28.045-04:00&amp#27;[0;39m &amp#27;[33m WARN&amp#27;[0;39m &amp#27;[35m12880&amp#27;[0;39m &amp#27;[2m--- [STORE_APPLICATION] [           main] &amp#27;[0;39m&amp#27;[36mr$InitializeUserDetailsManagerConfigurer&amp#27;[0;39m &amp#27;[2m:&amp#27;[0;39m Global AuthenticationManager configured with an AuthenticationProvider bean. UserDetailsService beans will not be used by Spring Security for automatically configuring username/password login. Consider removing the AuthenticationProvider bean. Alternatively, consider using the UserDetailsService in a manually instantiated DaoAuthenticationProvider. If the current configuration is intentional, to turn off this warning, increase the logging level of 'org.springframework.security.config.annotation.authentication.configuration.InitializeUserDetailsBeanManagerConfigurer' to ERROR
&amp#27;[2m2026-07-04T20:25:28.336-04:00&amp#27;[0;39m &amp#27;[33m WARN&amp#27;[0;39m &amp#27;[35m12880&amp#27;[0;39m &amp#27;[2m--- [STORE_APPLICATION] [           main] &amp#27;[0;39m&amp#27;[36mJpaBaseConfiguration$JpaWebConfiguration&amp#27;[0;39m &amp#27;[2m:&amp#27;[0;39m spring.jpa.open-in-view is enabled by default. Therefore, database queries may be performed during view rendering. Explicitly configure spring.jpa.open-in-view to disable this warning
&amp#27;[2m2026-07-04T20:25:28.690-04:00&amp#27;[0;39m &amp#27;[32m INFO&amp#27;[0;39m &amp#27;[35m12880&amp#27;[0;39m &amp#27;[2m--- [STORE_APPLICATION] [           main] &amp#27;[0;39m&amp#27;[36mo.s.b.w.a.WelcomePageHandlerMapping     &amp#27;[0;39m &amp#27;[2m:&amp#27;[0;39m Adding welcome page template: index
&amp#27;[2m2026-07-04T20:25:29.385-04:00&amp#27;[0;39m &amp#27;[32m INFO&amp#27;[0;39m &amp#27;[35m12880&amp#27;[0;39m &amp#27;[2m--- [STORE_APPLICATION] [           main] &amp#27;[0;39m&amp#27;[36mc.d.springboot2.StoreApplicationTests   &amp#27;[0;39m &amp#27;[2m:&amp#27;[0;39m Started StoreApplicationTests in 7.131 seconds (process running for 9.262)
&amp#27;[2m2026-07-04T20:25:29.389-04:00&amp#27;[0;39m &amp#27;[33m WARN&amp#27;[0;39m &amp#27;[35m12880&amp#27;[0;39m &amp#27;[2m--- [STORE_APPLICATION] [           main] &amp#27;[0;39m&amp#27;[36mo.s.core.events.SpringDocAppInitializer &amp#27;[0;39m &amp#27;[2m:&amp#27;[0;39m SpringDoc /v3/api-docs endpoint is enabled by default. To disable it in production, set the property 'springdoc.api-docs.enabled=false'
&amp#27;[2m2026-07-04T20:25:29.390-04:00&amp#27;[0;39m &amp#27;[33m WARN&amp#27;[0;39m &amp#27;[35m12880&amp#27;[0;39m &amp#27;[2m--- [STORE_APPLICATION] [           main] &amp#27;[0;39m&amp#27;[36mo.s.core.events.SpringDocAppInitializer &amp#27;[0;39m &amp#27;[2m:&amp#27;[0;39m SpringDoc /swagger-ui.html endpoint is enabled by default. To disable it in production, set the property 'springdoc.swagger-ui.enabled=false'
]]></system-out>
    <system-err><![CDATA[Mockito is currently self-attaching to enable the inline-mock-maker. This will no longer work in future releases of the JDK. Please add Mockito as an agent to your build as described in Mockito's documentation: https://javadoc.io/doc/org.mockito/mockito-core/latest/org.mockito/org/mockito/Mockito.html#0.3
WARNING: A Java agent has been loaded dynamically (C:\Users\Windows\.m2\repository\net\bytebuddy\byte-buddy-agent\1.17.8\byte-buddy-agent-1.17.8.jar)
WARNING: If a serviceability tool is in use, please run with -XX:+EnableDynamicAgentLoading to hide this warning
WARNING: If a serviceability tool is not in use, please run with -Djdk.instrument.traceUsage for more information
WARNING: Dynamic loading of agents will be disallowed by default in a future release
]]></system-err>
  </testcase>
</testsuite>